[model] SASRec frozen  maxlen=50  d=256  users=10566  items=9041
[stage1] encoder loaded from checkpoints/Books/stage1_align_best.pt  (199 keys)
[model] encoder: STEP2a (stage1 encoder)
[opt] lr_enc=1.0e-05  lr_proj=1.0e-03  alpha=0.1
[data] bank:    data/memory/Books/f3_bank.jsonl
[data] 9705 users in bank
[data] queries: data/processed/Books/align_pairs.jsonl
[data] 9705 users with pseudo-queries
[baseline] pre-training routing accuracy (n=200): 0.9300  (~0.94 expected for raw-BGE, ~0.96 for Stage1)
[train] 166 steps/epoch  3320 total steps  20 epochs
[ctrl] 16 users for controllability monitoring

Epoch 1/20  L_ret=0.1802  L_align=0.9077  val_L_ret=0.3359  routing_cov=0.919
  Ctrl: J(c,w)=0.8658  J(c,v)=0.5769  J(c,cs2)=0.8102  gap=+0.0556 [noise]
  Scale: item_norm=1.7264  L_nonpad=4.0  share~20.0%  pfx_raw_norm=13.4605
  Encoder drift: 0.000%  (>0.1% = updating; <0.01% = lr too low or frozen)
  [ckpt] best → checkpoints/Books/stage2_stage1enc_best.pt  (val_loss=0.3359)

Epoch 2/20  L_ret=0.1774  L_align=0.8293  val_L_ret=0.2810  routing_cov=0.918
  Ctrl: J(c,w)=0.8457  J(c,v)=0.5853  J(c,cs2)=0.7990  gap=+0.0467 [noise]
  Scale: item_norm=1.7264  L_nonpad=4.0  share~20.0%  pfx_raw_norm=17.0949
  Encoder drift: 0.001%  (>0.1% = updating; <0.01% = lr too low or frozen)
  [ckpt] best → checkpoints/Books/stage2_stage1enc_best.pt  (val_loss=0.2810)

Epoch 3/20  L_ret=0.1756  L_align=0.8019  val_L_ret=0.2788  routing_cov=0.920
  Ctrl: J(c,w)=0.8805  J(c,v)=0.5770  J(c,cs2)=0.8374  gap=+0.0431 [noise]
  Scale: item_norm=1.7264  L_nonpad=4.0  share~20.0%  pfx_raw_norm=17.6650
  Encoder drift: 0.001%  (>0.1% = updating; <0.01% = lr too low or frozen)
[baseline] pre-training routing accuracy (n=200): 0.9250  (~0.94 expected for raw-BGE, ~0.96 for Stage1)
  [ckpt] best → checkpoints/Books/stage2_stage1enc_best.pt  (val_loss=0.2788)

Epoch 4/20  L_ret=0.1749  L_align=0.7926  val_L_ret=0.2964  routing_cov=0.918
  Ctrl: J(c,w)=0.7981  J(c,v)=0.5588  J(c,cs2)=0.8183  gap=-0.0202 [SIGNAL]
  Scale: item_norm=1.7264  L_nonpad=4.0  share~20.0%  pfx_raw_norm=18.8675
  Encoder drift: 0.002%  (>0.1% = updating; <0.01% = lr too low or frozen)
  [patience] 1/5  best=0.2788

Epoch 5/20  L_ret=0.1749  L_align=0.7895  val_L_ret=0.3214  routing_cov=0.918
  Ctrl: J(c,w)=0.8779  J(c,v)=0.6042  J(c,cs2)=0.8388  gap=+0.0391 [noise]
  Scale: item_norm=1.7264  L_nonpad=4.0  share~20.0%  pfx_raw_norm=20.7914
  Encoder drift: 0.002%  (>0.1% = updating; <0.01% = lr too low or frozen)
  [patience] 2/5  best=0.2788

Epoch 6/20  L_ret=0.1742  L_align=0.7853  val_L_ret=0.3385  routing_cov=0.919
  Ctrl: J(c,w)=0.9068  J(c,v)=0.5784  J(c,cs2)=0.8589  gap=+0.0479 [noise]
  Scale: item_norm=1.7264  L_nonpad=4.0  share~20.0%  pfx_raw_norm=21.5660
  Encoder drift: 0.003%  (>0.1% = updating; <0.01% = lr too low or frozen)
[baseline] pre-training routing accuracy (n=200): 0.8950  (~0.94 expected for raw-BGE, ~0.96 for Stage1)
  [patience] 3/5  best=0.2788

Epoch 7/20  L_ret=0.1712  L_align=0.7763  val_L_ret=0.3261  routing_cov=0.919
  Ctrl: J(c,w)=0.8582  J(c,v)=0.5729  J(c,cs2)=0.7940  gap=+0.0642 [noise]
  Scale: item_norm=1.7264  L_nonpad=4.0  share~20.0%  pfx_raw_norm=20.9712
  Encoder drift: 0.003%  (>0.1% = updating; <0.01% = lr too low or frozen)
  [patience] 4/5  best=0.2788

Epoch 8/20  L_ret=0.1711  L_align=0.7750  val_L_ret=0.3538  routing_cov=0.918
  Ctrl: J(c,w)=0.8121  J(c,v)=0.5649  J(c,cs2)=0.8023  gap=+0.0098 [noise]
  Scale: item_norm=1.7264  L_nonpad=4.0  share~20.0%  pfx_raw_norm=22.0230
  Encoder drift: 0.004%  (>0.1% = updating; <0.01% = lr too low or frozen)
  [patience] 5/5  best=0.2788
[early stop] epoch 8  best_val_loss=0.2788

Stage2 training complete.  Best val_L_ret: 0.2788
Checkpoint: checkpoints/Books/stage2_stage1enc_best.pt
