[model] SASRec frozen  maxlen=50  d=256  users=10566  items=9041
[model] encoder: STEP2b (raw-BGE baseline)
[opt] lr_enc=1.0e-05  lr_proj=1.0e-03  alpha=0.1
[data] bank:    data/memory/Books/f3_bank.jsonl
[data] 9705 users in bank
[data] queries: data/processed/Books/align_pairs.jsonl
[data] 9705 users with pseudo-queries
[baseline] pre-training routing accuracy (n=200): 0.9100  (~0.94 expected for raw-BGE, ~0.96 for Stage1)
[train] 166 steps/epoch  3320 total steps  20 epochs
[ctrl] 16 users for controllability monitoring

Epoch 1/20  L_ret=0.1833  L_align=0.9258  L_contr=0.0000  val_L_ret=0.3327  routing_cov=0.918
  Ctrl: J(c,w)=0.9129  J(c,v)=0.4873  J(c,cs2)=0.9773  gap=-0.0644 [SIGNAL]
  Scale: item_norm=1.7195  L_nonpad=5.0  share~16.7%  pfx_raw_norm=12.8384
  Encoder drift: 0.191%  (>0.1% = updating; <0.01% = lr too low or frozen)
  [ckpt] best → checkpoints/Books/v0417_rawbge/stage2_rawbge_best.pt  (val_loss=0.3327)

Epoch 2/20  L_ret=0.1778  L_align=0.8350  L_contr=0.0000  val_L_ret=0.2834  routing_cov=0.918
  Ctrl: J(c,w)=0.9318  J(c,v)=0.4898  J(c,cs2)=0.9432  gap=-0.0114 [SIGNAL]
  Scale: item_norm=1.7195  L_nonpad=5.0  share~16.7%  pfx_raw_norm=16.7142
  Encoder drift: 0.342%  (>0.1% = updating; <0.01% = lr too low or frozen)
  [ckpt] best → checkpoints/Books/v0417_rawbge/stage2_rawbge_best.pt  (val_loss=0.2834)

Epoch 3/20  L_ret=0.1786  L_align=0.8143  L_contr=0.0000  val_L_ret=0.2803  routing_cov=0.920
  Ctrl: J(c,w)=0.8916  J(c,v)=0.4806  J(c,cs2)=0.9337  gap=-0.0421 [SIGNAL]
  Scale: item_norm=1.7195  L_nonpad=5.0  share~16.7%  pfx_raw_norm=18.9130
  Encoder drift: 0.463%  (>0.1% = updating; <0.01% = lr too low or frozen)
[baseline] pre-training routing accuracy (n=200): 0.8800  (~0.94 expected for raw-BGE, ~0.96 for Stage1)
  [ckpt] best → checkpoints/Books/v0417_rawbge/stage2_rawbge_best.pt  (val_loss=0.2803)

Epoch 4/20  L_ret=0.1774  L_align=0.8066  L_contr=0.0000  val_L_ret=0.2997  routing_cov=0.918
  Ctrl: J(c,w)=0.9223  J(c,v)=0.4793  J(c,cs2)=0.9583  gap=-0.0360 [SIGNAL]
  Scale: item_norm=1.7195  L_nonpad=5.0  share~16.7%  pfx_raw_norm=20.6378
  Encoder drift: 0.539%  (>0.1% = updating; <0.01% = lr too low or frozen)
  [patience] 1/3  best=0.2803

Epoch 5/20  L_ret=0.1742  L_align=0.7963  L_contr=0.0000  val_L_ret=0.3215  routing_cov=0.918
  Ctrl: J(c,w)=0.9545  J(c,v)=0.4793  J(c,cs2)=0.9337  gap=+0.0208 [noise]
  Scale: item_norm=1.7195  L_nonpad=5.0  share~16.7%  pfx_raw_norm=22.0772
  Encoder drift: 0.616%  (>0.1% = updating; <0.01% = lr too low or frozen)
  [patience] 2/3  best=0.2803

Epoch 6/20  L_ret=0.1726  L_align=0.7915  L_contr=0.0000  val_L_ret=0.3361  routing_cov=0.919
  Ctrl: J(c,w)=0.8821  J(c,v)=0.4887  J(c,cs2)=0.9162  gap=-0.0341 [SIGNAL]
  Scale: item_norm=1.7195  L_nonpad=5.0  share~16.7%  pfx_raw_norm=21.9766
  Encoder drift: 0.679%  (>0.1% = updating; <0.01% = lr too low or frozen)
[baseline] pre-training routing accuracy (n=200): 0.8900  (~0.94 expected for raw-BGE, ~0.96 for Stage1)
  [patience] 3/3  best=0.2803
[early stop] epoch 6  best_val_loss=0.2803

Stage2 training complete.  Best val_L_ret: 0.2803
Checkpoint: checkpoints/Books/v0417_rawbge/stage2_rawbge_best.pt
