SASRec: users=10566 items=9041
bank users=9705  eval_query users=10549

Running vanilla...

Running 2a...

Running 2b...

============================================================
  2a vs vanilla
============================================================

  [ALL] n=10566  improve=5110  degrade=3972  same=1484
    mean_delta=+27.4  std=198.6  SE_ratio=+14.18
    Recall:  @5:0.0305в†’0.0320(+0.0015)  @10:0.0481в†’0.0480(-0.0001)  @20:0.0749в†’0.0758(+0.0009)  @50:0.1313в†’0.1325(+0.0012)  @100:0.1967в†’0.2024(+0.0058)  

  [K=1] n=5277  improve=2670  degrade=2240  same=367
    mean_delta=+26.7  std=200.0  SE_ratio=+9.70
    Recall:  @5:0.0337в†’0.0347(+0.0009)  @10:0.0512в†’0.0514(+0.0002)  @20:0.0794в†’0.0805(+0.0011)  @50:0.1376в†’0.1391(+0.0015)  @100:0.2050в†’0.2111(+0.0061)  

  [K>=2] n=4428  improve=2440  degrade=1732  same=256
    mean_delta=+33.6  std=215.2  SE_ratio=+10.38
    Recall:  @5:0.0248в†’0.0273(+0.0025)  @10:0.0402в†’0.0397(-0.0005)  @20:0.0637в†’0.0646(+0.0009)  @50:0.1183в†’0.1195(+0.0011)  @100:0.1807в†’0.1872(+0.0065)  

  [seq<=5] n=6181  improve=2889  degrade=2289  same=1003
    mean_delta=+35.1  std=238.8  SE_ratio=+11.54
    Recall:  @5:0.0341в†’0.0359(+0.0018)  @10:0.0532в†’0.0537(+0.0005)  @20:0.0802в†’0.0822(+0.0019)  @50:0.1364в†’0.1382(+0.0018)  @100:0.2050в†’0.2121(+0.0071)  

  [seq 6-15] n=3400  improve=1667  degrade=1332  same=401
    mean_delta=+17.6  std=132.4  SE_ratio=+7.74
    Recall:  @5:0.0285в†’0.0300(+0.0015)  @10:0.0471в†’0.0453(-0.0018)  @20:0.0759в†’0.0753(-0.0006)  @50:0.1344в†’0.1341(-0.0003)  @100:0.1979в†’0.2015(+0.0035)  

  [seq>15] n=985  improve=554  degrade=351  same=80
    mean_delta=+13.3  std=64.0  SE_ratio=+6.53
    Recall:  @5:0.0142в†’0.0142(+0.0000)  @10:0.0193в†’0.0213(+0.0020)  @20:0.0376в†’0.0376(+0.0000)  @50:0.0883в†’0.0914(+0.0030)  @100:0.1401в†’0.1452(+0.0051)  

  Vanilla rank bucketлі„ steered к°њм„ мњЁ:
    rank 0-9(top10): n=508  improved=79(16%)  degraded=75(15%)  mean_delta=-0.0
    rank 10-49: n=879  improved=339(39%)  degraded=305(35%)  mean_delta=-0.1
    rank 50-199: n=1688  improved=783(46%)  degraded=670(40%)  mean_delta=+0.9
    rank 200+: n=7491  improved=3909(52%)  degraded=2922(39%)  mean_delta=+38.5

============================================================
  2b vs vanilla
============================================================

  [ALL] n=10566  improve=5148  degrade=4002  same=1416
    mean_delta=+27.2  std=195.7  SE_ratio=+14.29
    Recall:  @5:0.0305в†’0.0320(+0.0015)  @10:0.0481в†’0.0483(+0.0002)  @20:0.0749в†’0.0759(+0.0010)  @50:0.1313в†’0.1319(+0.0007)  @100:0.1967в†’0.2009(+0.0043)  

  [K=1] n=5277  improve=2683  degrade=2271  same=323
    mean_delta=+23.9  std=184.7  SE_ratio=+9.40
    Recall:  @5:0.0337в†’0.0352(+0.0015)  @10:0.0512в†’0.0515(+0.0004)  @20:0.0794в†’0.0800(+0.0006)  @50:0.1376в†’0.1395(+0.0019)  @100:0.2050в†’0.2092(+0.0042)  

  [K>=2] n=4428  improve=2465  degrade=1731  same=232
    mean_delta=+36.5  std=224.8  SE_ratio=+10.79
    Recall:  @5:0.0248в†’0.0266(+0.0018)  @10:0.0402в†’0.0402(+0.0000)  @20:0.0637в†’0.0655(+0.0018)  @50:0.1183в†’0.1177(-0.0007)  @100:0.1807в†’0.1859(+0.0052)  

  [seq<=5] n=6181  improve=2882  degrade=2316  same=983
    mean_delta=+34.1  std=233.4  SE_ratio=+11.49
    Recall:  @5:0.0341в†’0.0359(+0.0018)  @10:0.0532в†’0.0542(+0.0010)  @20:0.0802в†’0.0822(+0.0019)  @50:0.1364в†’0.1385(+0.0021)  @100:0.2050в†’0.2106(+0.0057)  

  [seq 6-15] n=3400  improve=1687  degrade=1348  same=365
    mean_delta=+18.5  std=136.0  SE_ratio=+7.92
    Recall:  @5:0.0285в†’0.0300(+0.0015)  @10:0.0471в†’0.0450(-0.0021)  @20:0.0759в†’0.0753(-0.0006)  @50:0.1344в†’0.1324(-0.0021)  @100:0.1979в†’0.1994(+0.0015)  

  [seq>15] n=985  improve=579  degrade=338  same=68
    mean_delta=+14.1  std=68.6  SE_ratio=+6.46
    Recall:  @5:0.0142в†’0.0142(+0.0000)  @10:0.0193в†’0.0223(+0.0030)  @20:0.0376в†’0.0386(+0.0010)  @50:0.0883в†’0.0893(+0.0010)  @100:0.1401в†’0.1452(+0.0051)  

  Vanilla rank bucketлі„ steered к°њм„ мњЁ:
    rank 0-9(top10): n=508  improved=85(17%)  degraded=81(16%)  mean_delta=-0.1
    rank 10-49: n=879  improved=366(42%)  degraded=311(35%)  mean_delta=-0.2
    rank 50-199: n=1688  improved=765(45%)  degraded=692(41%)  mean_delta=+0.5
    rank 200+: n=7491  improved=3932(52%)  degraded=2918(39%)  mean_delta=+38.3

============================================================
  2a vs 2b PAIRED (same users)
============================================================
  n=10566  2a_better=4403  2b_better=4476  tied=1687
  mean(2b_rank - 2a_rank) = +0.19  SE_ratio=+0.17
  K=1: n=5277  2a_better=2429  2b_better=2369  mean=+2.80  SE_ratio=+1.74
  K>=2: n=4428  2a_better=1974  2b_better=2107  mean=-2.88  SE_ratio=-1.55
