
============================================================
[preprocess] category=Beauty_and_Personal_Care, n_users=50000, strategy=random, seed=42
============================================================

[A1] Loading and deduplicating...
  [load] 2,000,000 lines, 1,982,187 unique (user,item) pairs
  [load] 4,000,000 lines, 3,963,771 unique (user,item) pairs
  [load] 6,000,000 lines, 5,945,071 unique (user,item) pairs
  [load] 8,000,000 lines, 7,927,123 unique (user,item) pairs
  [load] 10,000,000 lines, 9,910,338 unique (user,item) pairs
  [load] 12,000,000 lines, 11,888,803 unique (user,item) pairs
  [load] 14,000,000 lines, 13,863,078 unique (user,item) pairs
  [load] 16,000,000 lines, 15,839,806 unique (user,item) pairs
  [load] 18,000,000 lines, 17,818,144 unique (user,item) pairs
  [load] 20,000,000 lines, 19,765,396 unique (user,item) pairs
  [load] 22,000,000 lines, 21,727,083 unique (user,item) pairs
  [load] 23,911,390 raw lines → 23,591,312 unique (user,item) pairs

[A2] 5-core filtering...
  [5-core] iter 1: 23,591,312 → 7,567,327
  [5-core] iter 2: 7,567,327 → 6,963,770
  [5-core] iter 3: 6,963,770 → 6,690,031
  [5-core] iter 4: 6,690,031 → 6,649,775
  [5-core] iter 5: 6,649,775 → 6,629,886
  [5-core] iter 6: 6,629,886 → 6,626,482
  [5-core] iter 7: 6,626,482 → 6,624,880
  [5-core] iter 8: 6,624,880 → 6,624,612
  [5-core] iter 9: 6,624,612 → 6,624,481
  [5-core] iter 10: 6,624,481 → 6,624,449
  [5-core] iter 11: 6,624,449 → 6,624,441
  [5-core] converged: 6,624,441 interactions, 729,576 users, 207,649 items

[A3] Subsampling 50,000 users (strategy=random) + re-5-core...
  [subsample] strategy=random: 50,000 from 729,576 (activity range: 5–1023) → 455,595 interactions
  [5-core] iter 1: 455,595 → 271,942
  [5-core] iter 2: 271,942 → 194,600
  [5-core] iter 3: 194,600 → 173,467
  [5-core] iter 4: 173,467 → 157,346
  [5-core] iter 5: 157,346 → 151,854
  [5-core] iter 6: 151,854 → 147,102
  [5-core] iter 7: 147,102 → 145,175
  [5-core] iter 8: 145,175 → 143,391
  [5-core] iter 9: 143,391 → 142,717
  [5-core] iter 10: 142,717 → 142,148
  [5-core] iter 11: 142,148 → 141,896
  [5-core] iter 12: 141,896 → 141,688
  [5-core] iter 13: 141,688 → 141,620
  [5-core] iter 14: 141,620 → 141,564
  [5-core] iter 15: 141,564 → 141,552
  [5-core] iter 16: 141,552 → 141,548
  [5-core] converged: 141,548 interactions, 18,087 users, 11,442 items
  [subsample] after re-5-core: 18,087 users, 11,442 items, 141,548 interactions

[A4] Building ID maps...
  [output] id_maps.json → data/processed/Beauty_and_Personal_Care/id_maps.json

[A5] Building LOO splits...
  [split] 18,087 users, temporal_cutoff=1678318341100, flagged=17182
  [output] splits.json → data/processed/Beauty_and_Personal_Care/splits.json

[A6] Writing outputs...
  [output] sasrec.txt → data/processed/Beauty_and_Personal_Care/sasrec.txt (141,548 lines)
  [output] sequences.jsonl → data/processed/Beauty_and_Personal_Care/sequences.jsonl
  [output] volume_report.json → data/processed/Beauty_and_Personal_Care/volume_report.json

[preprocess] Done: Beauty_and_Personal_Care
  Users: 18,087
  Items: 11,442
  Interactions: 141,548
  Eligible interactions: 61,284 (43.3%)
  Eligible users: 15,895 (87.9%)
