[train] category=Books, device=cuda:0
[train] loading data from data/processed/Books/
[train] usernum=10566, itemnum=9041
[epoch   1/200] loss=1.3207  elapsed=3s
[epoch   2/200] loss=1.2052  elapsed=5s
[epoch   3/200] loss=1.1220  elapsed=6s
[epoch   4/200] loss=1.0810  elapsed=8s
[epoch   5/200] loss=1.0464  elapsed=9s
[epoch   6/200] loss=1.0250  elapsed=11s
[epoch   7/200] loss=0.9943  elapsed=13s
[epoch   8/200] loss=0.9665  elapsed=14s
[epoch   9/200] loss=0.9272  elapsed=16s
[epoch  10/200] loss=0.8862  elapsed=17s
[epoch  11/200] loss=0.8505  elapsed=19s
[epoch  12/200] loss=0.8081  elapsed=20s
[epoch  13/200] loss=0.7747  elapsed=22s
[epoch  14/200] loss=0.7374  elapsed=23s
[epoch  15/200] loss=0.7035  elapsed=25s
[epoch  16/200] loss=0.6665  elapsed=26s
[epoch  17/200] loss=0.6286  elapsed=28s
[epoch  18/200] loss=0.6007  elapsed=29s
[epoch  19/200] loss=0.5598  elapsed=31s
[epoch  20/200] loss=0.5263  elapsed=33s
  [eval val] epoch=20
  val @ 5: Recall=0.0503  NDCG=0.0347  MRR=0.0295
  val @10: Recall=0.0736  NDCG=0.0422  MRR=0.0326
  val @20: Recall=0.1114  NDCG=0.0516  MRR=0.0351
  [ckpt] saved → checkpoints/Books/sasrec_pretrain.pt (NDCG@10=0.0422)
[epoch  21/200] loss=0.4973  elapsed=51s
[epoch  22/200] loss=0.4598  elapsed=53s
[epoch  23/200] loss=0.4381  elapsed=54s
[epoch  24/200] loss=0.4140  elapsed=56s
[epoch  25/200] loss=0.3919  elapsed=57s
[epoch  26/200] loss=0.3710  elapsed=59s
[epoch  27/200] loss=0.3542  elapsed=61s
[epoch  28/200] loss=0.3375  elapsed=62s
[epoch  29/200] loss=0.3200  elapsed=64s
[epoch  30/200] loss=0.3019  elapsed=65s
[epoch  31/200] loss=0.2882  elapsed=67s
[epoch  32/200] loss=0.2811  elapsed=68s
[epoch  33/200] loss=0.2696  elapsed=70s
[epoch  34/200] loss=0.2544  elapsed=71s
[epoch  35/200] loss=0.2454  elapsed=73s
[epoch  36/200] loss=0.2381  elapsed=74s
[epoch  37/200] loss=0.2313  elapsed=76s
[epoch  38/200] loss=0.2223  elapsed=77s
[epoch  39/200] loss=0.2162  elapsed=79s
[epoch  40/200] loss=0.2143  elapsed=80s
  [eval val] epoch=40
  val @ 5: Recall=0.0839  NDCG=0.0590  MRR=0.0508
  val @10: Recall=0.1187  NDCG=0.0702  MRR=0.0554
  val @20: Recall=0.1613  NDCG=0.0809  MRR=0.0583
  [ckpt] saved → checkpoints/Books/sasrec_pretrain.pt (NDCG@10=0.0702)
[epoch  41/200] loss=0.2079  elapsed=97s
[epoch  42/200] loss=0.2031  elapsed=99s
[epoch  43/200] loss=0.1985  elapsed=100s
[epoch  44/200] loss=0.1921  elapsed=102s
[epoch  45/200] loss=0.1892  elapsed=103s
[epoch  46/200] loss=0.1800  elapsed=105s
[epoch  47/200] loss=0.1812  elapsed=106s
[epoch  48/200] loss=0.1783  elapsed=108s
[epoch  49/200] loss=0.1702  elapsed=109s
[epoch  50/200] loss=0.1739  elapsed=111s
[epoch  51/200] loss=0.1676  elapsed=113s
[epoch  52/200] loss=0.1639  elapsed=114s
[epoch  53/200] loss=0.1633  elapsed=116s
[epoch  54/200] loss=0.1591  elapsed=117s
[epoch  55/200] loss=0.1542  elapsed=119s
[epoch  56/200] loss=0.1544  elapsed=120s
[epoch  57/200] loss=0.1536  elapsed=122s
[epoch  58/200] loss=0.1469  elapsed=123s
[epoch  59/200] loss=0.1528  elapsed=125s
[epoch  60/200] loss=0.1481  elapsed=126s
  [eval val] epoch=60
  val @ 5: Recall=0.0818  NDCG=0.0563  MRR=0.0479
  val @10: Recall=0.1143  NDCG=0.0667  MRR=0.0522
  val @20: Recall=0.1555  NDCG=0.0770  MRR=0.0549
[epoch  61/200] loss=0.1443  elapsed=143s
[epoch  62/200] loss=0.1460  elapsed=144s
[epoch  63/200] loss=0.1428  elapsed=146s
[epoch  64/200] loss=0.1404  elapsed=147s
[epoch  65/200] loss=0.1401  elapsed=149s
[epoch  66/200] loss=0.1357  elapsed=150s
[epoch  67/200] loss=0.1408  elapsed=152s
[epoch  68/200] loss=0.1401  elapsed=153s
[epoch  69/200] loss=0.1351  elapsed=155s
[epoch  70/200] loss=0.1326  elapsed=156s
[epoch  71/200] loss=0.1351  elapsed=158s
[epoch  72/200] loss=0.1288  elapsed=159s
[epoch  73/200] loss=0.1301  elapsed=161s
[epoch  74/200] loss=0.1318  elapsed=163s
[epoch  75/200] loss=0.1283  elapsed=164s
[epoch  76/200] loss=0.1295  elapsed=166s
[epoch  77/200] loss=0.1269  elapsed=167s
[epoch  78/200] loss=0.1326  elapsed=169s
[epoch  79/200] loss=0.1271  elapsed=170s
[epoch  80/200] loss=0.1257  elapsed=172s
  [eval val] epoch=80
  val @ 5: Recall=0.0790  NDCG=0.0556  MRR=0.0479
  val @10: Recall=0.1091  NDCG=0.0653  MRR=0.0519
  val @20: Recall=0.1560  NDCG=0.0771  MRR=0.0551
[epoch  81/200] loss=0.1259  elapsed=188s
[epoch  82/200] loss=0.1245  elapsed=190s
[epoch  83/200] loss=0.1251  elapsed=191s
[epoch  84/200] loss=0.1211  elapsed=193s
[epoch  85/200] loss=0.1179  elapsed=194s
[epoch  86/200] loss=0.1193  elapsed=196s
[epoch  87/200] loss=0.1219  elapsed=197s
[epoch  88/200] loss=0.1253  elapsed=199s
[epoch  89/200] loss=0.1212  elapsed=200s
[epoch  90/200] loss=0.1179  elapsed=202s
[epoch  91/200] loss=0.1175  elapsed=203s
[epoch  92/200] loss=0.1212  elapsed=205s
[epoch  93/200] loss=0.1182  elapsed=206s
[epoch  94/200] loss=0.1163  elapsed=208s
[epoch  95/200] loss=0.1171  elapsed=209s
[epoch  96/200] loss=0.1198  elapsed=211s
[epoch  97/200] loss=0.1142  elapsed=212s
[epoch  98/200] loss=0.1140  elapsed=214s
[epoch  99/200] loss=0.1162  elapsed=215s
[epoch 100/200] loss=0.1159  elapsed=217s
  [eval val] epoch=100
  val @ 5: Recall=0.0802  NDCG=0.0554  MRR=0.0473
  val @10: Recall=0.1120  NDCG=0.0656  MRR=0.0514
  val @20: Recall=0.1561  NDCG=0.0767  MRR=0.0544
[epoch 101/200] loss=0.1132  elapsed=233s
[epoch 102/200] loss=0.1157  elapsed=235s
[epoch 103/200] loss=0.1137  elapsed=236s
[epoch 104/200] loss=0.1127  elapsed=238s
[epoch 105/200] loss=0.1084  elapsed=239s
[epoch 106/200] loss=0.1092  elapsed=241s
[epoch 107/200] loss=0.1139  elapsed=242s
[epoch 108/200] loss=0.1107  elapsed=244s
[epoch 109/200] loss=0.1101  elapsed=245s
[epoch 110/200] loss=0.1105  elapsed=247s
[epoch 111/200] loss=0.1084  elapsed=248s
[epoch 112/200] loss=0.1102  elapsed=250s
[epoch 113/200] loss=0.1109  elapsed=251s
[epoch 114/200] loss=0.1172  elapsed=253s
[epoch 115/200] loss=0.1099  elapsed=254s
[epoch 116/200] loss=0.1120  elapsed=256s
[epoch 117/200] loss=0.1057  elapsed=257s
[epoch 118/200] loss=0.1088  elapsed=259s
[epoch 119/200] loss=0.1085  elapsed=260s
[epoch 120/200] loss=0.1077  elapsed=262s
  [eval val] epoch=120
  val @ 5: Recall=0.0773  NDCG=0.0543  MRR=0.0467
  val @10: Recall=0.1078  NDCG=0.0641  MRR=0.0507
  val @20: Recall=0.1514  NDCG=0.0750  MRR=0.0537
[epoch 121/200] loss=0.1036  elapsed=278s
[epoch 122/200] loss=0.1077  elapsed=280s
[epoch 123/200] loss=0.1092  elapsed=281s
[epoch 124/200] loss=0.1042  elapsed=283s
[epoch 125/200] loss=0.1072  elapsed=284s
[epoch 126/200] loss=0.1053  elapsed=286s
[epoch 127/200] loss=0.1070  elapsed=288s
[epoch 128/200] loss=0.1043  elapsed=289s
[epoch 129/200] loss=0.1040  elapsed=291s
[epoch 130/200] loss=0.1031  elapsed=292s
[epoch 131/200] loss=0.1066  elapsed=294s
[epoch 132/200] loss=0.1019  elapsed=295s
[epoch 133/200] loss=0.1050  elapsed=297s
[epoch 134/200] loss=0.1028  elapsed=298s
[epoch 135/200] loss=0.1033  elapsed=300s
[epoch 136/200] loss=0.1003  elapsed=301s
[epoch 137/200] loss=0.1046  elapsed=303s
[epoch 138/200] loss=0.1007  elapsed=304s
[epoch 139/200] loss=0.1008  elapsed=306s
[epoch 140/200] loss=0.1046  elapsed=307s
  [eval val] epoch=140
  val @ 5: Recall=0.0806  NDCG=0.0564  MRR=0.0484
  val @10: Recall=0.1098  NDCG=0.0657  MRR=0.0522
  val @20: Recall=0.1556  NDCG=0.0772  MRR=0.0553
[epoch 141/200] loss=0.1008  elapsed=324s
[epoch 142/200] loss=0.1017  elapsed=325s
[epoch 143/200] loss=0.1023  elapsed=327s
[epoch 144/200] loss=0.1003  elapsed=328s
[epoch 145/200] loss=0.0994  elapsed=330s
[epoch 146/200] loss=0.0994  elapsed=331s
[epoch 147/200] loss=0.1043  elapsed=333s
[epoch 148/200] loss=0.0995  elapsed=334s
[epoch 149/200] loss=0.0996  elapsed=336s
[epoch 150/200] loss=0.1044  elapsed=337s
[epoch 151/200] loss=0.0979  elapsed=339s
[epoch 152/200] loss=0.1040  elapsed=340s
[epoch 153/200] loss=0.1010  elapsed=342s
[epoch 154/200] loss=0.0994  elapsed=343s
[epoch 155/200] loss=0.1000  elapsed=345s
[epoch 156/200] loss=0.0984  elapsed=346s
[epoch 157/200] loss=0.0983  elapsed=348s
[epoch 158/200] loss=0.0988  elapsed=349s
[epoch 159/200] loss=0.0995  elapsed=351s
[epoch 160/200] loss=0.0992  elapsed=352s
  [eval val] epoch=160
  val @ 5: Recall=0.0763  NDCG=0.0542  MRR=0.0470
  val @10: Recall=0.1097  NDCG=0.0650  MRR=0.0514
  val @20: Recall=0.1538  NDCG=0.0762  MRR=0.0545
[epoch 161/200] loss=0.1012  elapsed=369s
[epoch 162/200] loss=0.0978  elapsed=371s
[epoch 163/200] loss=0.1004  elapsed=372s
[epoch 164/200] loss=0.0985  elapsed=374s
[epoch 165/200] loss=0.0966  elapsed=375s
[epoch 166/200] loss=0.0972  elapsed=377s
[epoch 167/200] loss=0.0949  elapsed=378s
[epoch 168/200] loss=0.0962  elapsed=380s
[epoch 169/200] loss=0.0955  elapsed=381s
[epoch 170/200] loss=0.0951  elapsed=383s
[epoch 171/200] loss=0.0964  elapsed=385s
[epoch 172/200] loss=0.0948  elapsed=386s
[epoch 173/200] loss=0.0949  elapsed=387s
[epoch 174/200] loss=0.0981  elapsed=389s
[epoch 175/200] loss=0.0955  elapsed=391s
[epoch 176/200] loss=0.0980  elapsed=392s
[epoch 177/200] loss=0.0988  elapsed=394s
[epoch 178/200] loss=0.0959  elapsed=395s
[epoch 179/200] loss=0.0950  elapsed=397s
[epoch 180/200] loss=0.0918  elapsed=398s
  [eval val] epoch=180
  val @ 5: Recall=0.0772  NDCG=0.0545  MRR=0.0471
  val @10: Recall=0.1071  NDCG=0.0641  MRR=0.0510
  val @20: Recall=0.1539  NDCG=0.0759  MRR=0.0542
[epoch 181/200] loss=0.0940  elapsed=415s
[epoch 182/200] loss=0.0912  elapsed=416s
[epoch 183/200] loss=0.0960  elapsed=418s
[epoch 184/200] loss=0.0922  elapsed=419s
[epoch 185/200] loss=0.0942  elapsed=421s
[epoch 186/200] loss=0.0952  elapsed=422s
[epoch 187/200] loss=0.0936  elapsed=424s
[epoch 188/200] loss=0.0943  elapsed=425s
[epoch 189/200] loss=0.0939  elapsed=427s
[epoch 190/200] loss=0.0873  elapsed=428s
[epoch 191/200] loss=0.0935  elapsed=430s
[epoch 192/200] loss=0.0924  elapsed=431s
[epoch 193/200] loss=0.0926  elapsed=433s
[epoch 194/200] loss=0.0948  elapsed=434s
[epoch 195/200] loss=0.0946  elapsed=436s
[epoch 196/200] loss=0.0927  elapsed=437s
[epoch 197/200] loss=0.0918  elapsed=439s
[epoch 198/200] loss=0.0923  elapsed=440s
[epoch 199/200] loss=0.0898  elapsed=442s
[epoch 200/200] loss=0.0894  elapsed=444s
  [eval val] epoch=200
  val @ 5: Recall=0.0801  NDCG=0.0559  MRR=0.0480
  val @10: Recall=0.1085  NDCG=0.0651  MRR=0.0518
  val @20: Recall=0.1542  NDCG=0.0766  MRR=0.0549

[train] Done. Best val NDCG@10=0.0702 at epoch 40
[train] Checkpoint: checkpoints/Books/sasrec_pretrain.pt

[eval test] Loading best checkpoint...
  [test metrics — overall]
  test/overall @ 5: Recall=0.0645  NDCG=0.0455  MRR=0.0393
  test/overall @10: Recall=0.0936  NDCG=0.0548  MRR=0.0430
  test/overall @20: Recall=0.1293  NDCG=0.0638  MRR=0.0455
  [warm n=9807  cold n=759]
  test/warm   @ 5: Recall=0.0619  NDCG=0.0436  MRR=0.0375
  test/warm   @10: Recall=0.0908  NDCG=0.0528  MRR=0.0413
  test/warm   @20: Recall=0.1267  NDCG=0.0618  MRR=0.0437
  test/cold   @ 5: Recall=0.0975  NDCG=0.0706  MRR=0.0618
  test/cold   @10: Recall=0.1304  NDCG=0.0811  MRR=0.0660
  test/cold   @20: Recall=0.1621  NDCG=0.0891  MRR=0.0682
[train] Results saved → checkpoints/Books/results.json
